{"level":"info","message":"WebSocket server started on port 3001","timestamp":"2024-08-16T21:04:29.805Z"}
{"level":"info","message":"Server is running on port 3001","timestamp":"2024-08-16T21:04:29.807Z"}
{"level":"info","message":"WebSocket server started on port 3001","timestamp":"2024-08-16T21:12:51.345Z"}
{"level":"info","message":"Server is running on port 3001","timestamp":"2024-08-16T21:12:51.347Z"}
{"level":"info","message":"WebSocket server started on port 3001","timestamp":"2024-08-16T21:20:45.912Z"}
{"level":"info","message":"Server is running on port 3001","timestamp":"2024-08-16T21:20:45.914Z"}
{"level":"info","message":"WebSocket server started on port 3001","timestamp":"2024-08-16T21:21:04.607Z"}
{"level":"info","message":"Server is running on port 3001","timestamp":"2024-08-16T21:21:04.611Z"}
{"level":"error","message":"Failed to handle message: SqliteError: no such table: chats","timestamp":"2024-08-16T22:53:10.428Z"}
{"level":"info","message":"WebSocket server started on port 3001","timestamp":"2024-08-16T23:25:07.654Z"}
{"level":"info","message":"Server is running on port 3001","timestamp":"2024-08-16T23:25:07.656Z"}
{"level":"info","message":"WebSocket server started on port 3001","timestamp":"2024-08-16T23:28:48.866Z"}
{"level":"info","message":"Server is running on port 3001","timestamp":"2024-08-16T23:28:48.868Z"}
{"level":"info","message":"WebSocket server started on port 3001","timestamp":"2024-08-16T23:29:17.327Z"}
{"level":"info","message":"Server is running on port 3001","timestamp":"2024-08-16T23:29:17.329Z"}
{"level":"error","message":"Failed to handle message: SqliteError: no such table: chats","timestamp":"2024-08-16T23:30:26.866Z"}
{"level":"info","message":"WebSocket server started on port 3001","timestamp":"2024-08-16T23:31:45.796Z"}
{"level":"info","message":"Server is running on port 3001","timestamp":"2024-08-16T23:31:45.798Z"}
{"level":"error","message":"Error in getting chats: no such table: chats","timestamp":"2024-08-16T23:41:03.985Z"}
{"level":"error","message":"Error in getting chats: no such table: chats","timestamp":"2024-08-16T23:41:03.989Z"}
{"level":"error","message":"Error in getting chats: no such table: chats","timestamp":"2024-08-16T23:41:17.826Z"}
{"level":"error","message":"Error in getting chats: no such table: chats","timestamp":"2024-08-16T23:41:17.834Z"}
{"level":"error","message":"Error in getting chats: no such table: chats","timestamp":"2024-08-16T23:42:33.556Z"}
{"level":"info","message":"WebSocket server started on port 3001","timestamp":"2024-08-16T23:44:13.810Z"}
{"level":"info","message":"Server is running on port 3001","timestamp":"2024-08-16T23:44:13.812Z"}
{"level":"info","message":"WebSocket server started on port 3001","timestamp":"2024-08-16T23:48:32.358Z"}
{"level":"info","message":"Server is running on port 3001","timestamp":"2024-08-16T23:48:32.360Z"}
{"level":"error","message":"Error in getting chats: no such table: chats","timestamp":"2024-08-16T23:49:34.255Z"}
{"level":"info","message":"WebSocket server started on port 3001","timestamp":"2024-08-16T23:50:11.557Z"}
{"level":"info","message":"Server is running on port 3001","timestamp":"2024-08-16T23:50:11.559Z"}
{"level":"info","message":"WebSocket server started on port 3001","timestamp":"2024-08-16T23:50:36.871Z"}
{"level":"info","message":"Server is running on port 3001","timestamp":"2024-08-16T23:50:36.872Z"}
{"level":"info","message":"WebSocket server started on port 3001","timestamp":"2024-08-16T23:52:59.312Z"}
{"level":"info","message":"Server is running on port 3001","timestamp":"2024-08-16T23:52:59.314Z"}
{"level":"info","message":"WebSocket server started on port 3001","timestamp":"2024-08-16T23:54:41.659Z"}
{"level":"info","message":"Server is running on port 3001","timestamp":"2024-08-16T23:54:41.661Z"}
{"level":"info","message":"WebSocket server started on port 3001","timestamp":"2024-08-16T23:56:00.059Z"}
{"level":"info","message":"Server is running on port 3001","timestamp":"2024-08-16T23:56:00.061Z"}
{"level":"error","message":"Error in getting chats: no such table: chats","timestamp":"2024-08-16T23:56:01.100Z"}
{"level":"info","message":"WebSocket server started on port 3001","timestamp":"2024-08-16T23:58:55.258Z"}
{"level":"info","message":"Server is running on port 3001","timestamp":"2024-08-16T23:58:55.260Z"}
{"level":"info","message":"WebSocket server started on port 3001","timestamp":"2024-08-16T23:59:04.918Z"}
{"level":"info","message":"Server is running on port 3001","timestamp":"2024-08-16T23:59:04.919Z"}
{"level":"info","message":"WebSocket server started on port 3001","timestamp":"2024-08-16T23:59:08.567Z"}
{"level":"info","message":"Server is running on port 3001","timestamp":"2024-08-16T23:59:08.568Z"}
{"level":"error","message":"Error in getting chats: no such table: chats","timestamp":"2024-08-16T23:59:13.368Z"}
{"level":"info","message":"WebSocket server started on port 3001","timestamp":"2024-08-17T00:00:02.761Z"}
{"level":"info","message":"Server is running on port 3001","timestamp":"2024-08-17T00:00:02.762Z"}
{"level":"info","message":"WebSocket server started on port 3001","timestamp":"2024-08-17T00:00:12.318Z"}
{"level":"info","message":"Server is running on port 3001","timestamp":"2024-08-17T00:00:12.320Z"}
{"level":"info","message":"WebSocket server started on port 3001","timestamp":"2024-08-17T00:00:19.118Z"}
{"level":"info","message":"Server is running on port 3001","timestamp":"2024-08-17T00:00:19.120Z"}
{"level":"error","message":"Error in getting chats: no such table: chats","timestamp":"2024-08-17T00:00:23.361Z"}
{"level":"info","message":"WebSocket server started on port 3001","timestamp":"2024-08-17T00:00:35.916Z"}
{"level":"info","message":"Server is running on port 3001","timestamp":"2024-08-17T00:00:35.918Z"}
{"level":"error","message":"Error in getting chats: no such table: chats","timestamp":"2024-08-17T00:00:38.500Z"}
{"level":"info","message":"WebSocket server started on port 3001","timestamp":"2024-08-17T00:02:56.206Z"}
{"level":"info","message":"Server is running on port 3001","timestamp":"2024-08-17T00:02:56.208Z"}
{"level":"info","message":"WebSocket server started on port 3001","timestamp":"2024-08-17T00:02:59.991Z"}
{"level":"info","message":"Server is running on port 3001","timestamp":"2024-08-17T00:02:59.993Z"}
{"level":"info","message":"WebSocket server started on port 3001","timestamp":"2024-08-17T00:03:40.907Z"}
{"level":"info","message":"Server is running on port 3001","timestamp":"2024-08-17T00:03:40.909Z"}
{"level":"info","message":"WebSocket server started on port 3001","timestamp":"2024-08-17T00:04:34.453Z"}
{"level":"info","message":"Server is running on port 3001","timestamp":"2024-08-17T00:04:34.455Z"}
{"level":"info","message":"WebSocket server started on port 3001","timestamp":"2024-08-17T00:05:29.263Z"}
{"level":"info","message":"Server is running on port 3001","timestamp":"2024-08-17T00:05:29.265Z"}
{"level":"info","message":"WebSocket server started on port 3001","timestamp":"2024-08-17T00:05:43.279Z"}
{"level":"info","message":"Server is running on port 3001","timestamp":"2024-08-17T00:05:43.281Z"}
{"level":"info","message":"WebSocket server started on port 3001","timestamp":"2024-08-17T00:06:09.698Z"}
{"level":"info","message":"Server is running on port 3001","timestamp":"2024-08-17T00:06:09.700Z"}
{"level":"error","message":"Error in getting chats: Converting circular structure to JSON\n    --> starting at object with constructor 'SQLiteTable'\n    |     property 'id' -> object with constructor 'SQLiteInteger'\n    --- property 'table' closes the circle","timestamp":"2024-08-17T00:06:10.204Z"}
{"level":"info","message":"WebSocket server started on port 3001","timestamp":"2024-08-17T00:07:24.432Z"}
{"level":"info","message":"Server is running on port 3001","timestamp":"2024-08-17T00:07:24.433Z"}
{"level":"error","message":"Error in getting chats: no such table: chats","timestamp":"2024-08-17T00:07:27.734Z"}
{"level":"info","message":"WebSocket server started on port 3001","timestamp":"2024-08-17T00:09:55.936Z"}
{"level":"info","message":"Server is running on port 3001","timestamp":"2024-08-17T00:09:55.938Z"}
{"level":"error","message":"Error in getting chats: no such table: chats","timestamp":"2024-08-17T00:10:03.540Z"}
{"level":"info","message":"WebSocket server started on port 3001","timestamp":"2024-08-17T00:14:19.477Z"}
{"level":"info","message":"Server is running on port 3001","timestamp":"2024-08-17T00:14:19.479Z"}
{"level":"info","message":"WebSocket server started on port 3001","timestamp":"2024-08-17T00:14:24.940Z"}
{"level":"info","message":"Server is running on port 3001","timestamp":"2024-08-17T00:14:24.942Z"}
{"level":"error","message":"Error in getting chats: no such table: chats","timestamp":"2024-08-17T00:14:29.495Z"}
{"level":"info","message":"WebSocket server started on port 3001","timestamp":"2024-08-17T00:14:52.769Z"}
{"level":"info","message":"Server is running on port 3001","timestamp":"2024-08-17T00:14:52.770Z"}
{"level":"info","message":"WebSocket server started on port 3001","timestamp":"2024-08-17T00:18:39.826Z"}
{"level":"info","message":"Server is running on port 3001","timestamp":"2024-08-17T00:18:39.828Z"}
{"level":"info","message":"WebSocket server started on port 3001","timestamp":"2024-08-17T00:19:54.703Z"}
{"level":"info","message":"Server is running on port 3001","timestamp":"2024-08-17T00:19:54.705Z"}
{"level":"info","message":"WebSocket server started on port 3001","timestamp":"2024-08-17T00:20:12.881Z"}
{"level":"info","message":"Server is running on port 3001","timestamp":"2024-08-17T00:20:12.883Z"}
{"level":"info","message":"WebSocket server started on port 3001","timestamp":"2024-08-17T00:20:31.219Z"}
{"level":"info","message":"Server is running on port 3001","timestamp":"2024-08-17T00:20:31.221Z"}
{"level":"info","message":"WebSocket server started on port 3001","timestamp":"2024-08-17T00:22:34.794Z"}
{"level":"info","message":"Server is running on port 3001","timestamp":"2024-08-17T00:22:34.796Z"}
{"level":"error","message":"Failed to handle message: SqliteError: table messages has no column named type","timestamp":"2024-08-17T00:22:50.160Z"}
{"level":"info","message":"WebSocket server started on port 3001","timestamp":"2024-08-17T00:25:24.219Z"}
{"level":"info","message":"Server is running on port 3001","timestamp":"2024-08-17T00:25:24.221Z"}
{"level":"info","message":"WebSocket server started on port 3001","timestamp":"2024-08-17T00:25:43.446Z"}
{"level":"info","message":"Server is running on port 3001","timestamp":"2024-08-17T00:25:43.447Z"}
{"level":"error","message":"Failed to handle message: SqliteError: table messages has no column named type","timestamp":"2024-08-17T00:26:04.707Z"}
{"level":"info","message":"WebSocket server started on port 3001","timestamp":"2024-08-17T00:41:06.359Z"}
{"level":"info","message":"Server is running on port 3001","timestamp":"2024-08-17T00:41:06.362Z"}
{"level":"error","message":"Failed to handle message: SqliteError: table messages has no column named type","timestamp":"2024-08-17T00:41:26.932Z"}
{"level":"info","message":"WebSocket server started on port 3001","timestamp":"2024-08-17T00:47:04.003Z"}
{"level":"info","message":"Server is running on port 3001","timestamp":"2024-08-17T00:47:04.005Z"}
{"level":"error","message":"Failed to handle message: SqliteError: table messages has no column named type","timestamp":"2024-08-17T00:47:14.416Z"}
{"level":"info","message":"WebSocket server started on port 3001","timestamp":"2024-08-17T00:48:00.661Z"}
{"level":"info","message":"Server is running on port 3001","timestamp":"2024-08-17T00:48:00.663Z"}
{"level":"info","message":"WebSocket server started on port 3001","timestamp":"2024-08-17T00:48:35.316Z"}
{"level":"info","message":"Server is running on port 3001","timestamp":"2024-08-17T00:48:35.318Z"}
{"level":"info","message":"WebSocket server started on port 3001","timestamp":"2024-08-17T00:48:48.064Z"}
{"level":"info","message":"Server is running on port 3001","timestamp":"2024-08-17T00:48:48.066Z"}
{"level":"info","message":"WebSocket server started on port 3001","timestamp":"2024-08-17T00:49:49.954Z"}
{"level":"info","message":"Server is running on port 3001","timestamp":"2024-08-17T00:49:49.956Z"}
{"level":"info","message":"WebSocket server started on port 3001","timestamp":"2024-08-17T00:50:01.593Z"}
{"level":"info","message":"Server is running on port 3001","timestamp":"2024-08-17T00:50:01.595Z"}
{"level":"info","message":"WebSocket server started on port 3001","timestamp":"2024-08-17T00:51:26.174Z"}
{"level":"info","message":"Server is running on port 3001","timestamp":"2024-08-17T00:51:26.175Z"}
{"level":"info","message":"WebSocket server started on port 3001","timestamp":"2024-08-17T00:51:32.919Z"}
{"level":"info","message":"Server is running on port 3001","timestamp":"2024-08-17T00:51:32.921Z"}
{"level":"info","message":"WebSocket server started on port 3001","timestamp":"2024-08-17T00:52:23.535Z"}
{"level":"info","message":"Server is running on port 3001","timestamp":"2024-08-17T00:52:23.537Z"}
{"level":"error","message":"Failed to handle message: SqliteError: table messages has no column named type","timestamp":"2024-08-17T00:53:03.957Z"}
{"level":"info","message":"WebSocket server started on port 3001","timestamp":"2024-08-17T00:53:30.233Z"}
{"level":"info","message":"Server is running on port 3001","timestamp":"2024-08-17T00:53:30.235Z"}
{"level":"info","message":"WebSocket server started on port 3001","timestamp":"2024-08-17T00:54:12.728Z"}
{"level":"info","message":"Server is running on port 3001","timestamp":"2024-08-17T00:54:12.730Z"}
{"level":"info","message":"WebSocket server started on port 3001","timestamp":"2024-08-17T01:05:43.389Z"}
{"level":"info","message":"Server is running on port 3001","timestamp":"2024-08-17T01:05:43.391Z"}
{"level":"info","message":"WebSocket server started on port 3001","timestamp":"2024-08-17T01:06:04.642Z"}
{"level":"info","message":"Server is running on port 3001","timestamp":"2024-08-17T01:06:04.647Z"}
{"level":"error","message":"Failed to handle message: SqliteError: table messages has no column named type","timestamp":"2024-08-17T01:06:09.481Z"}
{"level":"info","message":"WebSocket server started on port 3001","timestamp":"2024-08-17T01:06:39.963Z"}
{"level":"info","message":"Server is running on port 3001","timestamp":"2024-08-17T01:06:39.965Z"}
{"level":"error","message":"Failed to handle message: SqliteError: table messages has no column named type","timestamp":"2024-08-17T01:06:48.834Z"}
{"level":"info","message":"WebSocket server started on port 3001","timestamp":"2024-08-17T01:08:06.475Z"}
{"level":"info","message":"Server is running on port 3001","timestamp":"2024-08-17T01:08:06.476Z"}
{"level":"info","message":"WebSocket server started on port 3001","timestamp":"2024-08-17T01:08:27.829Z"}
{"level":"info","message":"Server is running on port 3001","timestamp":"2024-08-17T01:08:27.831Z"}
{"level":"info","message":"WebSocket server started on port 3001","timestamp":"2024-08-17T01:09:22.289Z"}
{"level":"info","message":"Server is running on port 3001","timestamp":"2024-08-17T01:09:22.291Z"}
{"level":"info","message":"WebSocket server started on port 3001","timestamp":"2024-08-17T01:09:29.590Z"}
{"level":"info","message":"Server is running on port 3001","timestamp":"2024-08-17T01:09:29.592Z"}
{"level":"info","message":"WebSocket server started on port 3001","timestamp":"2024-08-17T01:09:35.286Z"}
{"level":"info","message":"Server is running on port 3001","timestamp":"2024-08-17T01:09:35.291Z"}
{"level":"info","message":"WebSocket server started on port 3001","timestamp":"2024-08-17T02:02:56.847Z"}
{"level":"info","message":"Server is running on port 3001","timestamp":"2024-08-17T02:02:56.850Z"}
{"level":"info","message":"WebSocket server started on port 3001","timestamp":"2024-08-17T02:05:02.490Z"}
{"level":"info","message":"Server is running on port 3001","timestamp":"2024-08-17T02:05:02.492Z"}
{"level":"info","message":"WebSocket server started on port 3001","timestamp":"2024-08-17T02:06:30.813Z"}
{"level":"info","message":"Server is running on port 3001","timestamp":"2024-08-17T02:06:30.815Z"}
{"level":"info","message":"WebSocket server started on port 3001","timestamp":"2024-08-17T02:06:46.238Z"}
{"level":"info","message":"Server is running on port 3001","timestamp":"2024-08-17T02:06:46.240Z"}
{"level":"info","message":"WebSocket server started on port 3001","timestamp":"2024-08-17T02:15:54.267Z"}
{"level":"info","message":"Server is running on port 3001","timestamp":"2024-08-17T02:15:54.269Z"}
{"level":"info","message":"WebSocket server started on port 3001","timestamp":"2024-08-17T02:18:16.661Z"}
{"level":"info","message":"Server is running on port 3001","timestamp":"2024-08-17T02:18:16.663Z"}
{"level":"info","message":"WebSocket server started on port 3001","timestamp":"2024-08-17T02:24:19.791Z"}
{"level":"info","message":"Server is running on port 3001","timestamp":"2024-08-17T02:24:19.793Z"}
{"level":"info","message":"WebSocket server started on port 3001","timestamp":"2024-08-17T02:24:24.115Z"}
{"level":"info","message":"Server is running on port 3001","timestamp":"2024-08-17T02:24:24.117Z"}
{"level":"info","message":"WebSocket server started on port 3001","timestamp":"2024-08-17T02:24:30.785Z"}
{"level":"info","message":"Server is running on port 3001","timestamp":"2024-08-17T02:24:30.787Z"}
{"level":"info","message":"WebSocket server started on port 3001","timestamp":"2024-08-17T02:24:49.559Z"}
{"level":"info","message":"Server is running on port 3001","timestamp":"2024-08-17T02:24:49.561Z"}
{"level":"info","message":"WebSocket server started on port 3001","timestamp":"2024-08-17T02:24:52.675Z"}
{"level":"info","message":"Server is running on port 3001","timestamp":"2024-08-17T02:24:52.677Z"}
{"level":"info","message":"WebSocket server started on port 3001","timestamp":"2024-08-17T02:25:01.990Z"}
{"level":"info","message":"Server is running on port 3001","timestamp":"2024-08-17T02:25:01.992Z"}
{"level":"info","message":"WebSocket server started on port 3001","timestamp":"2024-08-17T02:25:29.041Z"}
{"level":"info","message":"Server is running on port 3001","timestamp":"2024-08-17T02:25:29.043Z"}
{"level":"info","message":"WebSocket server started on port 3001","timestamp":"2024-08-17T02:27:48.020Z"}
{"level":"info","message":"Server is running on port 3001","timestamp":"2024-08-17T02:27:48.022Z"}
{"level":"info","message":"WebSocket server started on port 3001","timestamp":"2024-08-17T02:28:10.014Z"}
{"level":"info","message":"Server is running on port 3001","timestamp":"2024-08-17T02:28:10.016Z"}
{"level":"info","message":"WebSocket server started on port 3001","timestamp":"2024-08-17T03:31:13.359Z"}
{"level":"info","message":"Server is running on port 3001","timestamp":"2024-08-17T03:31:13.361Z"}
{"level":"info","message":"WebSocket server started on port 3001","timestamp":"2024-08-17T03:32:48.772Z"}
{"level":"info","message":"Server is running on port 3001","timestamp":"2024-08-17T03:32:48.774Z"}
{"level":"info","message":"WebSocket server started on port 3001","timestamp":"2024-08-17T03:32:55.914Z"}
{"level":"info","message":"Server is running on port 3001","timestamp":"2024-08-17T03:32:55.915Z"}
{"level":"info","message":"WebSocket server started on port 3001","timestamp":"2024-08-17T03:41:42.230Z"}
{"level":"info","message":"Server is running on port 3001","timestamp":"2024-08-17T03:41:42.231Z"}
{"level":"info","message":"WebSocket server started on port 3001","timestamp":"2024-08-17T03:41:49.147Z"}
{"level":"info","message":"Server is running on port 3001","timestamp":"2024-08-17T03:41:49.150Z"}
{"level":"info","message":"WebSocket server started on port 3001","timestamp":"2024-08-17T03:46:10.560Z"}
{"level":"info","message":"Server is running on port 3001","timestamp":"2024-08-17T03:46:10.562Z"}
{"level":"info","message":"WebSocket server started on port 3001","timestamp":"2024-08-17T03:51:46.895Z"}
{"level":"info","message":"Server is running on port 3001","timestamp":"2024-08-17T03:51:46.897Z"}
{"level":"info","message":"WebSocket server started on port 3001","timestamp":"2024-08-17T04:31:55.767Z"}
{"level":"info","message":"Server is running on port 3001","timestamp":"2024-08-17T04:31:55.769Z"}
{"level":"info","message":"WebSocket server started on port 3001","timestamp":"2024-08-17T04:34:31.488Z"}
{"level":"info","message":"Server is running on port 3001","timestamp":"2024-08-17T04:34:31.490Z"}
{"level":"info","message":"WebSocket server started on port 3001","timestamp":"2024-08-17T04:34:35.349Z"}
{"level":"info","message":"Server is running on port 3001","timestamp":"2024-08-17T04:34:35.352Z"}
{"level":"info","message":"WebSocket server started on port 3001","timestamp":"2024-08-17T05:12:15.556Z"}
{"level":"info","message":"Server is running on port 3001","timestamp":"2024-08-17T05:12:15.558Z"}
{"level":"info","message":"WebSocket server started on port 3001","timestamp":"2024-08-23T00:15:26.745Z"}
{"level":"info","message":"Server is running on port 3001","timestamp":"2024-08-23T00:15:26.747Z"}
{"level":"info","message":"WebSocket server started on port 3001","timestamp":"2024-08-23T00:33:48.710Z"}
{"level":"info","message":"Server is running on port 3001","timestamp":"2024-08-23T00:33:48.712Z"}
{"level":"info","message":"WebSocket server started on port 3001","timestamp":"2024-08-23T00:33:56.591Z"}
{"level":"info","message":"Server is running on port 3001","timestamp":"2024-08-23T00:33:56.593Z"}
{"level":"info","message":"WebSocket server started on port 3001","timestamp":"2024-08-23T00:34:01.493Z"}
{"level":"info","message":"Server is running on port 3001","timestamp":"2024-08-23T00:34:01.495Z"}
{"level":"info","message":"WebSocket server started on port 3001","timestamp":"2024-08-23T00:43:20.227Z"}
{"level":"info","message":"Server is running on port 3001","timestamp":"2024-08-23T00:43:20.229Z"}
{"level":"info","message":"WebSocket server started on port 3001","timestamp":"2024-08-23T00:44:01.661Z"}
{"level":"info","message":"Server is running on port 3001","timestamp":"2024-08-23T00:44:01.663Z"}
{"level":"info","message":"WebSocket server started on port 3001","timestamp":"2024-08-23T00:44:41.288Z"}
{"level":"info","message":"Server is running on port 3001","timestamp":"2024-08-23T00:44:41.290Z"}
{"level":"info","message":"WebSocket server started on port 3001","timestamp":"2024-08-23T00:56:23.119Z"}
{"level":"info","message":"Server is running on port 3001","timestamp":"2024-08-23T00:56:23.121Z"}
{"level":"info","message":"WebSocket server started on port 3001","timestamp":"2024-08-23T01:14:48.835Z"}
{"level":"info","message":"Server is running on port 3001","timestamp":"2024-08-23T01:14:48.837Z"}
{"level":"info","message":"WebSocket server started on port 3001","timestamp":"2024-08-23T02:49:52.317Z"}
{"level":"info","message":"Server is running on port 3001","timestamp":"2024-08-23T02:49:52.319Z"}
{"level":"info","message":"WebSocket server started on port 3001","timestamp":"2024-08-23T02:49:55.914Z"}
{"level":"info","message":"Server is running on port 3001","timestamp":"2024-08-23T02:49:55.916Z"}
{"level":"info","message":"WebSocket server started on port 3001","timestamp":"2024-08-23T21:41:26.745Z"}
{"level":"info","message":"Server is running on port 3001","timestamp":"2024-08-23T21:41:26.747Z"}
{"level":"info","message":"WebSocket server started on port 3001","timestamp":"2024-08-23T22:18:59.725Z"}
{"level":"info","message":"Server is running on port 3001","timestamp":"2024-08-23T22:18:59.727Z"}
{"level":"info","message":"WebSocket server started on port 3001","timestamp":"2024-08-23T23:52:39.858Z"}
{"level":"info","message":"Server is running on port 3001","timestamp":"2024-08-23T23:52:39.860Z"}
{"level":"info","message":"WebSocket server started on port 3001","timestamp":"2024-08-23T23:53:47.896Z"}
{"level":"info","message":"Server is running on port 3001","timestamp":"2024-08-23T23:53:47.897Z"}
{"level":"info","message":"WebSocket server started on port 3001","timestamp":"2024-08-23T23:55:12.394Z"}
{"level":"info","message":"Server is running on port 3001","timestamp":"2024-08-23T23:55:12.395Z"}
{"level":"info","message":"WebSocket server started on port 3001","timestamp":"2024-12-18T00:01:52.785Z"}
{"level":"info","message":"Server is running on port 3001","timestamp":"2024-12-18T00:01:52.787Z"}
{"level":"info","message":"WebSocket server started on port 3001","timestamp":"2024-12-24T06:47:36.601Z"}
{"level":"info","message":"Server is running on port 3001","timestamp":"2024-12-24T06:47:36.603Z"}
{"level":"info","message":"WebSocket server started on port 3001","timestamp":"2024-12-24T06:56:32.522Z"}
{"level":"info","message":"Server is running on port 3001","timestamp":"2024-12-24T06:56:32.523Z"}
{"level":"info","message":"WebSocket server started on port 3001","timestamp":"2024-12-24T07:00:50.168Z"}
{"level":"info","message":"Server is running on port 3001","timestamp":"2024-12-24T07:00:50.170Z"}
{"level":"info","message":"WebSocket server started on port 3001","timestamp":"2024-12-24T11:36:29.969Z"}
{"level":"info","message":"Server is running on port 3001","timestamp":"2024-12-24T11:36:29.971Z"}
{"level":"info","message":"WebSocket server started on port 3001","timestamp":"2024-12-24T11:39:18.617Z"}
{"level":"info","message":"Server is running on port 3001","timestamp":"2024-12-24T11:39:18.618Z"}
{"level":"info","message":"WebSocket server started on port 3001","timestamp":"2024-12-24T11:42:01.856Z"}
{"level":"info","message":"Server is running on port 3001","timestamp":"2024-12-24T11:42:01.858Z"}
{"level":"info","message":"WebSocket server started on port 3001","timestamp":"2024-12-24T11:43:37.567Z"}
{"level":"info","message":"Server is running on port 3001","timestamp":"2024-12-24T11:43:37.569Z"}
{"level":"info","message":"WebSocket server started on port 3001","timestamp":"2024-12-24T11:43:43.954Z"}
{"level":"info","message":"Server is running on port 3001","timestamp":"2024-12-24T11:43:43.956Z"}
{"level":"info","message":"WebSocket server started on port 3001","timestamp":"2024-12-24T11:46:18.485Z"}
{"level":"info","message":"Server is running on port 3001","timestamp":"2024-12-24T11:46:18.487Z"}
{"level":"info","message":"WebSocket server started on port 3001","timestamp":"2024-12-24T11:48:28.767Z"}
{"level":"info","message":"Server is running on port 3001","timestamp":"2024-12-24T11:48:28.772Z"}
{"level":"info","message":"WebSocket server started on port 3001","timestamp":"2024-12-24T11:50:22.798Z"}
{"level":"info","message":"Server is running on port 3001","timestamp":"2024-12-24T11:50:22.801Z"}
{"level":"info","message":"WebSocket server started on port 3001","timestamp":"2024-12-24T11:51:31.848Z"}
{"level":"info","message":"Server is running on port 3001","timestamp":"2024-12-24T11:51:31.852Z"}
{"level":"info","message":"WebSocket server started on port 3001","timestamp":"2024-12-24T12:05:37.006Z"}
{"level":"info","message":"Server is running on port 3001","timestamp":"2024-12-24T12:05:37.008Z"}
{"level":"info","message":"WebSocket server started on port 3001","timestamp":"2024-12-24T12:09:39.877Z"}
{"level":"info","message":"Server is running on port 3001","timestamp":"2024-12-24T12:09:39.879Z"}
{"level":"info","message":"WebSocket server started on port 3001","timestamp":"2024-12-24T12:11:20.825Z"}
{"level":"info","message":"Server is running on port 3001","timestamp":"2024-12-24T12:11:20.827Z"}
{"level":"info","message":"WebSocket server started on port 3001","timestamp":"2024-12-24T12:15:08.759Z"}
{"level":"info","message":"Server is running on port 3001","timestamp":"2024-12-24T12:15:08.761Z"}
{"level":"info","message":"WebSocket server started on port 3001","timestamp":"2024-12-24T12:16:37.854Z"}
{"level":"info","message":"Server is running on port 3001","timestamp":"2024-12-24T12:16:37.856Z"}
{"level":"info","message":"WebSocket server started on port 3001","timestamp":"2024-12-24T12:17:25.119Z"}
{"level":"info","message":"Server is running on port 3001","timestamp":"2024-12-24T12:17:25.121Z"}
{"level":"info","message":"WebSocket server started on port 3001","timestamp":"2024-12-24T12:21:07.981Z"}
{"level":"info","message":"Server is running on port 3001","timestamp":"2024-12-24T12:21:07.983Z"}
{"level":"info","message":"WebSocket server started on port 3001","timestamp":"2024-12-24T12:21:23.520Z"}
{"level":"info","message":"Server is running on port 3001","timestamp":"2024-12-24T12:21:23.522Z"}
{"level":"info","message":"WebSocket server started on port 3001","timestamp":"2024-12-24T12:21:58.323Z"}
{"level":"info","message":"Server is running on port 3001","timestamp":"2024-12-24T12:21:58.326Z"}
{"level":"info","message":"WebSocket server started on port 3001","timestamp":"2024-12-24T12:23:40.474Z"}
{"level":"info","message":"Server is running on port 3001","timestamp":"2024-12-24T12:23:40.476Z"}
{"level":"info","message":"WebSocket server started on port 3001","timestamp":"2024-12-24T12:23:50.061Z"}
{"level":"info","message":"Server is running on port 3001","timestamp":"2024-12-24T12:23:50.064Z"}
{"level":"info","message":"WebSocket server started on port 3001","timestamp":"2024-12-24T12:23:54.515Z"}
{"level":"info","message":"Server is running on port 3001","timestamp":"2024-12-24T12:23:54.517Z"}
{"level":"info","message":"WebSocket server started on port 3001","timestamp":"2024-12-24T12:24:05.841Z"}
{"level":"info","message":"Server is running on port 3001","timestamp":"2024-12-24T12:24:05.850Z"}
{"level":"info","message":"WebSocket server started on port 3001","timestamp":"2024-12-24T12:25:17.611Z"}
{"level":"info","message":"Server is running on port 3001","timestamp":"2024-12-24T12:25:17.612Z"}
{"level":"info","message":"WebSocket server started on port 3001","timestamp":"2024-12-24T12:26:13.854Z"}
{"level":"info","message":"Server is running on port 3001","timestamp":"2024-12-24T12:26:13.856Z"}
{"level":"info","message":"WebSocket server started on port 3001","timestamp":"2024-12-24T12:26:48.151Z"}
{"level":"info","message":"Server is running on port 3001","timestamp":"2024-12-24T12:26:48.153Z"}
{"level":"info","message":"WebSocket server started on port 3001","timestamp":"2024-12-24T12:27:44.508Z"}
{"level":"info","message":"Server is running on port 3001","timestamp":"2024-12-24T12:27:44.510Z"}
{"level":"info","message":"WebSocket server started on port 3001","timestamp":"2024-12-24T12:27:54.036Z"}
{"level":"info","message":"Server is running on port 3001","timestamp":"2024-12-24T12:27:54.038Z"}
{"level":"info","message":"WebSocket server started on port 3001","timestamp":"2024-12-24T12:28:19.833Z"}
{"level":"info","message":"Server is running on port 3001","timestamp":"2024-12-24T12:28:19.835Z"}
{"level":"info","message":"WebSocket server started on port 3001","timestamp":"2024-12-24T12:29:44.312Z"}
{"level":"info","message":"Server is running on port 3001","timestamp":"2024-12-24T12:29:44.326Z"}
{"level":"info","message":"WebSocket server started on port 3001","timestamp":"2024-12-24T12:29:53.666Z"}
{"level":"info","message":"Server is running on port 3001","timestamp":"2024-12-24T12:29:53.668Z"}
{"level":"info","message":"WebSocket server started on port 3001","timestamp":"2024-12-24T12:30:41.186Z"}
{"level":"info","message":"Server is running on port 3001","timestamp":"2024-12-24T12:30:41.188Z"}
{"level":"info","message":"WebSocket server started on port 3001","timestamp":"2024-12-24T12:30:46.173Z"}
{"level":"info","message":"Server is running on port 3001","timestamp":"2024-12-24T12:30:46.175Z"}
{"level":"info","message":"WebSocket server started on port 3001","timestamp":"2024-12-24T12:30:58.752Z"}
{"level":"info","message":"Server is running on port 3001","timestamp":"2024-12-24T12:30:58.754Z"}
{"level":"info","message":"WebSocket server started on port 3001","timestamp":"2024-12-24T12:31:02.489Z"}
{"level":"info","message":"Server is running on port 3001","timestamp":"2024-12-24T12:31:02.492Z"}
{"level":"info","message":"WebSocket server started on port 3001","timestamp":"2024-12-24T12:31:30.155Z"}
{"level":"info","message":"Server is running on port 3001","timestamp":"2024-12-24T12:31:30.157Z"}
{"level":"info","message":"WebSocket server started on port 3001","timestamp":"2024-12-24T23:50:56.379Z"}
{"level":"info","message":"Server is running on port 3001","timestamp":"2024-12-24T23:50:56.380Z"}
{"level":"info","message":"WebSocket server started on port 3001","timestamp":"2024-12-24T23:59:12.256Z"}
{"level":"info","message":"Server is running on port 3001","timestamp":"2024-12-24T23:59:12.258Z"}
{"level":"info","message":"WebSocket server started on port 3001","timestamp":"2024-12-24T23:59:15.841Z"}
{"level":"info","message":"Server is running on port 3001","timestamp":"2024-12-24T23:59:15.843Z"}
{"level":"info","message":"WebSocket server started on port 3001","timestamp":"2024-12-24T23:59:39.899Z"}
{"level":"info","message":"Server is running on port 3001","timestamp":"2024-12-24T23:59:39.901Z"}
{"level":"info","message":"WebSocket server started on port 3001","timestamp":"2024-12-25T00:00:01.938Z"}
{"level":"info","message":"Server is running on port 3001","timestamp":"2024-12-25T00:00:01.941Z"}
{"level":"info","message":"WebSocket server started on port 3001","timestamp":"2024-12-25T00:00:19.063Z"}
{"level":"info","message":"Server is running on port 3001","timestamp":"2024-12-25T00:00:19.065Z"}
{"level":"info","message":"WebSocket server started on port 3001","timestamp":"2024-12-25T00:00:37.900Z"}
{"level":"info","message":"Server is running on port 3001","timestamp":"2024-12-25T00:00:37.902Z"}
{"level":"info","message":"WebSocket server started on port 3001","timestamp":"2024-12-25T00:48:20.068Z"}
{"level":"info","message":"Server is running on port 3001","timestamp":"2024-12-25T00:48:20.069Z"}
{"level":"info","message":"WebSocket server started on port 3001","timestamp":"2024-12-25T00:48:39.093Z"}
{"level":"info","message":"Server is running on port 3001","timestamp":"2024-12-25T00:48:39.095Z"}
{"level":"info","message":"WebSocket server started on port 3001","timestamp":"2024-12-25T00:55:38.836Z"}
{"level":"info","message":"Server is running on port 3001","timestamp":"2024-12-25T00:55:38.838Z"}
{"level":"info","message":"WebSocket server started on port 3001","timestamp":"2024-12-25T01:09:34.622Z"}
{"level":"info","message":"Server is running on port 3001","timestamp":"2024-12-25T01:09:34.624Z"}
{"level":"info","message":"WebSocket server started on port 3001","timestamp":"2024-12-25T01:15:41.318Z"}
{"level":"info","message":"Server is running on port 3001","timestamp":"2024-12-25T01:15:41.320Z"}
{"level":"info","message":"WebSocket server started on port 3001","timestamp":"2024-12-25T01:19:02.862Z"}
{"level":"info","message":"Server is running on port 3001","timestamp":"2024-12-25T01:19:02.863Z"}
{"level":"info","message":"WebSocket server started on port 3001","timestamp":"2024-12-25T01:21:47.126Z"}
{"level":"info","message":"Server is running on port 3001","timestamp":"2024-12-25T01:21:47.128Z"}
{"level":"info","message":"WebSocket server started on port 3001","timestamp":"2024-12-25T01:43:35.638Z"}
{"level":"info","message":"Server is running on port 3001","timestamp":"2024-12-25T01:43:35.639Z"}
{"level":"info","message":"WebSocket server started on port 3001","timestamp":"2025-01-10T19:07:59.358Z"}
{"level":"info","message":"Server is running on port 3001","timestamp":"2025-01-10T19:07:59.360Z"}
{"level":"info","message":"WebSocket server started on port 3001","timestamp":"2025-01-10T19:12:41.022Z"}
{"level":"info","message":"Server is running on port 3001","timestamp":"2025-01-10T19:12:41.024Z"}
